{"E:\\PROJECTS\\UnitTesting\\work_1\\src\\unitTesting.js": {"path":"E:\\PROJECTS\\UnitTesting\\work_1\\src\\unitTesting.js","statementMap":{"0":{"start":{"line":2,"column":4},"end":{"line":2,"column":17}},"1":{"start":{"line":6,"column":17},"end":{"line":6,"column":18}},"2":{"start":{"line":8,"column":6},"end":{"line":10,"column":7}},"3":{"start":{"line":9,"column":10},"end":{"line":9,"column":22}},"4":{"start":{"line":12,"column":6},"end":{"line":12,"column":18}},"5":{"start":{"line":16,"column":4},"end":{"line":16,"column":17}},"6":{"start":{"line":20,"column":4},"end":{"line":20,"column":17}},"7":{"start":{"line":24,"column":4},"end":{"line":24,"column":17}},"8":{"start":{"line":28,"column":14},"end":{"line":28,"column":15}},"9":{"start":{"line":30,"column":4},"end":{"line":32,"column":5}},"10":{"start":{"line":30,"column":17},"end":{"line":30,"column":18}},"11":{"start":{"line":31,"column":6},"end":{"line":31,"column":15}},"12":{"start":{"line":33,"column":4},"end":{"line":37,"column":5}},"13":{"start":{"line":34,"column":6},"end":{"line":34,"column":14}},"14":{"start":{"line":36,"column":6},"end":{"line":36,"column":17}},"15":{"start":{"line":41,"column":4},"end":{"line":41,"column":17}},"16":{"start":{"line":45,"column":4},"end":{"line":45,"column":17}},"17":{"start":{"line":51,"column":4},"end":{"line":55,"column":5}},"18":{"start":{"line":57,"column":19},"end":{"line":57,"column":32}}},"fnMap":{"0":{"name":"sum","decl":{"start":{"line":1,"column":16},"end":{"line":1,"column":19}},"loc":{"start":{"line":1,"column":26},"end":{"line":3,"column":3}},"line":1},"1":{"name":"sumSpread","decl":{"start":{"line":5,"column":18},"end":{"line":5,"column":27}},"loc":{"start":{"line":5,"column":37},"end":{"line":13,"column":3}},"line":5},"2":{"name":"minus","decl":{"start":{"line":15,"column":18},"end":{"line":15,"column":23}},"loc":{"start":{"line":15,"column":30},"end":{"line":17,"column":3}},"line":15},"3":{"name":"multiply","decl":{"start":{"line":19,"column":18},"end":{"line":19,"column":26}},"loc":{"start":{"line":19,"column":33},"end":{"line":21,"column":3}},"line":19},"4":{"name":"divide","decl":{"start":{"line":23,"column":18},"end":{"line":23,"column":24}},"loc":{"start":{"line":23,"column":31},"end":{"line":25,"column":3}},"line":23},"5":{"name":"pow","decl":{"start":{"line":27,"column":18},"end":{"line":27,"column":21}},"loc":{"start":{"line":27,"column":28},"end":{"line":38,"column":3}},"line":27},"6":{"name":"isBigger","decl":{"start":{"line":40,"column":18},"end":{"line":40,"column":26}},"loc":{"start":{"line":40,"column":33},"end":{"line":42,"column":3}},"line":40},"7":{"name":"isSmaller","decl":{"start":{"line":44,"column":18},"end":{"line":44,"column":27}},"loc":{"start":{"line":44,"column":34},"end":{"line":46,"column":3}},"line":44},"8":{"name":"getUserInfo","decl":{"start":{"line":50,"column":18},"end":{"line":50,"column":29}},"loc":{"start":{"line":50,"column":32},"end":{"line":56,"column":3}},"line":50}},"branchMap":{"0":{"loc":{"start":{"line":33,"column":4},"end":{"line":37,"column":5}},"type":"if","locations":[{"start":{"line":33,"column":4},"end":{"line":37,"column":5}},{"start":{"line":35,"column":10},"end":{"line":37,"column":5}}],"line":33}},"s":{"0":1,"1":1,"2":1,"3":2,"4":1,"5":1,"6":1,"7":1,"8":2,"9":2,"10":2,"11":1,"12":2,"13":1,"14":1,"15":1,"16":1,"17":2,"18":1},"f":{"0":1,"1":1,"2":1,"3":1,"4":1,"5":2,"6":1,"7":1,"8":2},"b":{"0":[1,1]},"_coverageSchema":"1a1c01bbd47fc00a2c39e90264f33305004495a9","hash":"d7746655fb0aaf2cdcad45c00068a4a1e7823916"}
}
