TN:
SF:src\unitTesting.js
FN:1,sum
FN:5,sumSpread
FN:15,minus
FN:19,multiply
FN:23,divide
FN:27,pow
FN:40,isBigger
FN:44,isSmaller
FN:50,getUserInfo
FNF:9
FNH:9
FNDA:1,sum
FNDA:1,sumSpread
FNDA:1,minus
FNDA:1,multiply
FNDA:1,divide
FNDA:2,pow
FNDA:1,isBigger
FNDA:1,isSmaller
FNDA:2,getUserInfo
DA:2,1
DA:6,1
DA:8,1
DA:9,2
DA:12,1
DA:16,1
DA:20,1
DA:24,1
DA:28,2
DA:30,2
DA:31,1
DA:33,2
DA:34,1
DA:36,1
DA:41,1
DA:45,1
DA:51,2
DA:57,1
LF:18
LH:18
BRDA:33,0,0,1
BRDA:33,0,1,1
BRF:2
BRH:2
end_of_record
